<?xml version="1.0" encoding="UTF-8"?>
<testng-results skipped="0" failed="0" ignored="0" total="1" passed="1">
  <reporter-output>
  </reporter-output>
  <suite name="pageTest.SeleniumProPageTest" duration-ms="11977" started-at="2019-11-06T13:19:43Z" finished-at="2019-11-06T13:19:55Z">
    <groups>
    </groups>
    <test name="Command line test" duration-ms="11977" started-at="2019-11-06T13:19:43Z" finished-at="2019-11-06T13:19:55Z">
      <class name="pageTest.SeleniumProPageTest">
        <test-method status="PASS" signature="inIt()[pri:0, instance:pageTest.SeleniumProPageTest@6cd8737]" name="inIt" duration-ms="11942" started-at="2019-11-06T13:19:43Z" finished-at="2019-11-06T13:19:55Z">
          <reporter-output>
          </reporter-output>
        </test-method> <!-- inIt -->
      </class> <!-- pageTest.SeleniumProPageTest -->
    </test> <!-- Command line test -->
  </suite> <!-- pageTest.SeleniumProPageTest -->
</testng-results>
