<?xml version="1.0" encoding="UTF-8"?>
<testng-results skipped="0" failed="0" ignored="0" total="1" passed="1">
  <reporter-output>
  </reporter-output>
  <suite name="Suite" duration-ms="8569" started-at="2019-11-06T13:18:23Z" finished-at="2019-11-06T13:18:31Z">
    <groups>
    </groups>
    <test name="Test" duration-ms="8569" started-at="2019-11-06T13:18:23Z" finished-at="2019-11-06T13:18:31Z">
      <class name="pageTest.SeleniumProPageTest">
        <test-method status="PASS" signature="inIt()[pri:0, instance:pageTest.SeleniumProPageTest@523884b2]" name="inIt" duration-ms="8540" started-at="2019-11-06T13:18:23Z" finished-at="2019-11-06T13:18:31Z">
          <reporter-output>
          </reporter-output>
        </test-method> <!-- inIt -->
      </class> <!-- pageTest.SeleniumProPageTest -->
    </test> <!-- Test -->
  </suite> <!-- Suite -->
</testng-results>
